<?xml version="1.0" encoding="UTF-8"?>
<!-- Generated by org.testng.reporters.JUnitReportReporter -->
<testsuite hostname="DESKTOP-CVR4TD5" failures="0" tests="1" name="tests.AddProductTest" time="66.671" errors="0" timestamp="2020-05-15T20:51:03 CEST" skipped="0">
  <testcase classname="tests.AddProductTest" name="test01_addProduct" time="66.671"/>
  <system-out/>
</testsuite> <!-- tests.AddProductTest -->
