<?xml version="1.0" encoding="UTF-8"?>
<!-- Generated by org.testng.reporters.JUnitReportReporter -->
<testsuite hostname="DESKTOP-CVR4TD5" failures="0" tests="1" name="tests.SetPriceTest" time="0.010" errors="0" timestamp="2020-05-15T20:51:03 CEST" skipped="0">
  <testcase classname="tests.SetPriceTest" name="f" time="0.010"/>
  <system-out/>
</testsuite> <!-- tests.SetPriceTest -->
